<?xml version="1.0" encoding="UTF-8"?>
<!-- Generated by org.testng.reporters.JUnitReportReporter -->
<testsuite hostname="DESKTOP-FGS38D0" failures="0" tests="2" name="TestRunner.LoginPageTestRunner" time="10.231" errors="0" timestamp="14 Mar 2024 07:05:57 GMT" skipped="0">
  <testcase classname="TestRunner.LoginPageTestRunner" name="runScenario" time="3.816"/>
  <testcase classname="TestRunner.LoginPageTestRunner" name="runScenario" time="6.415"/>
</testsuite> <!-- TestRunner.LoginPageTestRunner -->
